<?xml version="1.0" encoding="UTF-8"?>
<!-- Generated by org.testng.reporters.JUnitReportReporter -->
<testsuite hostname="DESKTOP-G36OFSP" failures="0" tests="1" name="hrmsjenkins.DeleteCompanyLocation" time="95.059" errors="0" timestamp="7 Apr 2023 02:23:46 GMT">
  <testcase classname="hrmsjenkins.DeleteCompanyLocation" name="Tc001" time="95.059"/>
</testsuite> <!-- hrmsjenkins.DeleteCompanyLocation -->
