<?xml version="1.0" encoding="UTF-8"?>
<!-- Generated by org.testng.reporters.JUnitReportReporter -->
<testsuite hostname="DESKTOP-G36OFSP" failures="0" tests="4" name="hrmsjenkins.Addemployee" time="12.794" errors="0" timestamp="30 Sep 2023 06:05:56 GMT">
  <testcase classname="hrmsjenkins.Addemployee" name="openapp" time="2.715"/>
  <testcase classname="hrmsjenkins.Addemployee" name="logout" time="0.277"/>
  <testcase classname="hrmsjenkins.Addemployee" name="login" time="5.111"/>
  <testcase classname="hrmsjenkins.Addemployee" name="addemployee" time="4.691"/>
</testsuite> <!-- hrmsjenkins.Addemployee -->
