<?xml version="1.0" encoding="UTF-8"?>
<!-- Generated by org.testng.reporters.JUnitReportReporter -->
<testsuite hostname="DESKTOP-G36OFSP" failures="0" tests="1" name="hrmsjenkins.loginlogout" time="40.929" errors="0" timestamp="27 Mar 2023 11:50:01 GMT">
  <testcase classname="hrmsjenkins.loginlogout" name="Tc001" time="40.929"/>
</testsuite> <!-- hrmsjenkins.loginlogout -->
