<?xml version="1.0" encoding="UTF-8"?>
<!-- Generated by org.testng.reporters.JUnitReportReporter -->
<testsuite hostname="DESKTOP-G36OFSP" failures="0" tests="1" name="hrmsjenkins.loginlogout" time="38.944" errors="0" timestamp="30 Sep 2023 06:05:56 GMT">
  <testcase classname="hrmsjenkins.loginlogout" name="Tc001" time="38.944"/>
</testsuite> <!-- hrmsjenkins.loginlogout -->
